D:\Nanku\Maya Space office\Pancholi-s-Warasiya\interior\furniture layout.dwg,Model,11-06-2025 13:21:02,prasa,Microsoft Print to PDF,A4,1:2.64706,
D:\Nanku\Maya Space office\MISA-HOME\final layout\ad00.19.03.25_2410-Opal Green.dwg,Model,11-06-2025 15:25:28,prasa,Microsoft Print to PDF,A4,1:3.45087,
D:\Nanku\Maya Space office\MISA-HOME\final layout\ad00.19.03.25_2410-Opal Green.dwg,Model,11-06-2025 15:25:45,prasa,Microsoft Print to PDF,A4,1:3.45087,
D:\Nanku\Maya Space office\MISA-HOME\final layout\ad00.19.03.25_2410-Opal Green.dwg,Model,11-06-2025 15:26:02,prasa,Microsoft Print to PDF,A4,1:3.44521,
D:\Nanku\Maya Space office\MISA-HOME\final layout\ad00.19.03.25_2410-Opal Green.dwg,Model,11-06-2025 15:26:21,prasa,Microsoft Print to PDF,A4,1:3.45087,
D:\Nanku\Maya Space office\MISA-HOME\final layout\ad00.19.03.25_2410-Opal Green.dwg,Model,11-06-2025 15:26:38,prasa,Microsoft Print to PDF,A4,1:3.45087,
D:\Nanku\Maya Space office\MISA-HOME\final layout\ad00.19.03.25_2410-Opal Green.dwg,Model,11-06-2025 15:27:36,prasa,Microsoft Print to PDF,A4,1:3.45087,
D:\Nanku\Maya Space office\Pancholi-s-Warasiya\interior\REV. 2 FURNITURE LAYOUT.dwg,Model,20-06-2025 15:25:53,prasa,Microsoft Print to PDF,A4,1:2.64706,
D:\Nanku\Maya Space office\Pancholi-s-Warasiya\interior\REV. 2 FURNITURE LAYOUT.dwg,Model,20-06-2025 15:26:23,prasa,Microsoft Print to PDF,A4,1:2.64706,
D:\Nanku\Maya Space office\Pancholi-s-Warasiya\interior\REV. 2 FURNITURE LAYOUT.dwg,Model,20-06-2025 15:26:45,prasa,Microsoft Print to PDF,A4,1:2.64706,
D:\Nanku\Maya Space office\Pancholi-s-Warasiya\interior\REV. 2 FURNITURE LAYOUT.dwg,Model,20-06-2025 15:34:24,prasa,Microsoft Print to PDF,A4,1:2.64706,
D:\Nanku\Maya Space office\Pancholi-s-Warasiya\interior\REV. 2 FURNITURE LAYOUT.dwg,Model,20-06-2025 15:37:37,prasa,Microsoft Print to PDF,A4,1:2.64706,
D:\Nanku\Maya Space office\Pancholi-s-Warasiya\interior\REV. 2 FURNITURE LAYOUT.dwg,Model,20-06-2025 15:42:38,prasa,Microsoft Print to PDF,A4,1:2.64706,
D:\Nanku\Maya Space office\Pancholi-s-Warasiya\interior\REV. 2 FURNITURE LAYOUT.dwg,Model,03-07-2025 12:29:50,prasa,Microsoft Print to PDF,A4,1:2.64706,
D:\Nanku\Maya Space office\Pancholi-s-Warasiya\interior\REV. 2 FURNITURE LAYOUT.dwg,Model,03-07-2025 12:30:19,prasa,Microsoft Print to PDF,A4,1:2.64706,
D:\Nanku\Maya Space office\Pancholi-s-Warasiya\interior\REV. 2 FURNITURE LAYOUT.dwg,Model,03-07-2025 12:30:40,prasa,Microsoft Print to PDF,A4,1:2.64706,
D:\Nanku\Maya Space office\B-702-Amardeep-Sky-Harni\INTERIOR\MASTER BEDROOM.dwg,Model,21-08-2025 11:16:02,prasa,Microsoft Print to PDF,A3,1:0.711987,
D:\Nanku\Maya Space office\B-702-Amardeep-Sky-Harni\INTERIOR\MASTER BEDROOM.dwg,Model,21-08-2025 11:18:00,prasa,Microsoft Print to PDF,A3,1:0.711987,
D:\Nanku\Maya Space office\B-702-Amardeep-Sky-Harni\INTERIOR\MASTER BEDROOM.dwg,Model,21-08-2025 11:18:21,prasa,Microsoft Print to PDF,A3,1:0.54111,
D:\Nanku\Maya Space office\B-702-Amardeep-Sky-Harni\INTERIOR\MASTER BEDROOM.dwg,Model,21-08-2025 11:18:37,prasa,Microsoft Print to PDF,A3,1:0.613048,
D:\Nanku\Maya Space office\B-702-Amardeep-Sky-Harni\INTERIOR\MASTER BEDROOM.dwg,Model,21-08-2025 11:19:00,prasa,Microsoft Print to PDF,A3,1:0.532733,
D:\Nanku\Maya Space office\B-702-Amardeep-Sky-Harni\INTERIOR\GUEST BEDROOM.dwg,Model,21-08-2025 11:23:06,prasa,Microsoft Print to PDF,A3,1:0.711987,
D:\Nanku\Maya Space office\B-702-Amardeep-Sky-Harni\INTERIOR\GUEST BEDROOM.dwg,Model,21-08-2025 11:23:52,prasa,Microsoft Print to PDF,A3,1:0.619686,
D:\Nanku\Maya Space office\B-702-Amardeep-Sky-Harni\INTERIOR\GUEST BEDROOM.dwg,Model,21-08-2025 11:24:07,prasa,Microsoft Print to PDF,A3,1:0.521041,
D:\Nanku\Maya Space office\B-702-Amardeep-Sky-Harni\INTERIOR\GUEST BEDROOM.dwg,Model,21-08-2025 11:24:23,prasa,Microsoft Print to PDF,A3,1:0.695787,
D:\Nanku\Maya Space office\B-702-Amardeep-Sky-Harni\INTERIOR\GUEST BEDROOM.dwg,Model,21-08-2025 11:24:38,prasa,Microsoft Print to PDF,A3,1:0.513717,
D:\Nanku\Maya Space office\B-702-Amardeep-Sky-Harni\INTERIOR\LIVING ROOM.dwg,Model,21-08-2025 11:29:27,prasa,Microsoft Print to PDF,A3,1:0.673923,
D:\Nanku\Maya Space office\B-702-Amardeep-Sky-Harni\INTERIOR\LIVING ROOM.dwg,Model,21-08-2025 11:30:13,prasa,Microsoft Print to PDF,A3,1:0.673923,
D:\Nanku\Maya Space office\B-702-Amardeep-Sky-Harni\INTERIOR\LIVING ROOM.dwg,Model,21-08-2025 11:30:28,prasa,Microsoft Print to PDF,A3,1:0.606082,
D:\Nanku\Maya Space office\B-702-Amardeep-Sky-Harni\INTERIOR\LIVING ROOM.dwg,Model,21-08-2025 11:30:46,prasa,Microsoft Print to PDF,A3,1:0.666828,
D:\Nanku\Maya Space office\B-702-Amardeep-Sky-Harni\INTERIOR\LIVING ROOM.dwg,Model,21-08-2025 11:31:03,prasa,Microsoft Print to PDF,A3,1:0.666828,
D:\Nanku\Maya Space office\B-702-Amardeep-Sky-Harni\INTERIOR\LIVING ROOM.dwg,Model,21-08-2025 11:31:52,prasa,Microsoft Print to PDF,A3,1:0.946313,
D:\Nanku\Maya Space office\B-702-Amardeep-Sky-Harni\INTERIOR\LIVING ROOM.dwg,Model,21-08-2025 11:49:10,prasa,Microsoft Print to PDF,A3,1:0.673923,
D:\Nanku\Maya Space office\B-702-Amardeep-Sky-Harni\INTERIOR\GUEST BEDROOM.dwg,Model,21-08-2025 14:18:54,prasa,Microsoft Print to PDF,A3,1:0.711987,
D:\Nanku\Maya Space office\B-702-Amardeep-Sky-Harni\INTERIOR\GUEST BEDROOM.dwg,Model,21-08-2025 14:19:38,prasa,Microsoft Print to PDF,A3,1:0.711987,
D:\Nanku\Maya Space office\B-702-Amardeep-Sky-Harni\INTERIOR\AMARDEEP SKY - FURNITURE LAYOUT.dwg,Model,21-08-2025 14:20:30,prasa,HP1C9D73 (HP Ink Tank Wireless 410 series),Letter,1:27.8423,
D:\Nanku\Maya Space office\B-702-Amardeep-Sky-Harni\INTERIOR\MASTER BEDROOM.dwg,Model,22-08-2025 10:47:50,prasa,HP1C9D73 (HP Ink Tank Wireless 410 series),Letter,1:27.8423,
D:\Nanku\Maya Space office\B-702-Amardeep-Sky-Harni\INTERIOR\MASTER BEDROOM.dwg,Model,22-08-2025 10:48:56,prasa,Microsoft Print to PDF,A4,1:1.00679,
D:\Nanku\Maya Space office\B-702-Amardeep-Sky-Harni\INTERIOR\MASTER BEDROOM.dwg,Model,22-08-2025 10:49:37,prasa,Microsoft Print to PDF,A4,1:1.0834,
D:\Nanku\Maya Space office\B-702-Amardeep-Sky-Harni\INTERIOR\MASTER BEDROOM.dwg,Model,22-08-2025 10:54:25,prasa,Microsoft Print to PDF,A4,1:1.0834,
D:\Nanku\Maya Space office\B-702-Amardeep-Sky-Harni\INTERIOR\MASTER BEDROOM.dwg,Model,22-08-2025 10:54:44,prasa,Microsoft Print to PDF,A4,1:0.802113,
D:\Nanku\Maya Space office\B-702-Amardeep-Sky-Harni\INTERIOR\MASTER BEDROOM.dwg,Model,22-08-2025 10:56:38,prasa,Microsoft Print to PDF,A4,1:0.889767,
D:\Nanku\Maya Space office\B-702-Amardeep-Sky-Harni\INTERIOR\MASTER BEDROOM.dwg,Model,22-08-2025 10:57:31,prasa,Microsoft Print to PDF,A4,1:0.951263,
D:\Nanku\Maya Space office\Renishaw-office\ELECTRICAL LAYOUTS.dwg,Model,22-08-2025 11:27:30,prasa,Microsoft Print to PDF,A4,1:4.13882,
D:\Nanku\Maya Space office\Renishaw-office\ELECTRICAL LAYOUTS.dwg,Model,22-08-2025 11:31:47,prasa,Microsoft Print to PDF,A4,1:1.49857,
D:\Nanku\Maya Space office\Pancholi-s-Warasiya\interior\Electrical layout.dwg,Model,22-08-2025 14:54:10,prasa,Microsoft Print to PDF,A4,1:2.64706,
D:\Nanku\Maya Space office\Pancholi-s-Warasiya\interior\Electrical layout.dwg,Model,22-08-2025 15:08:13,prasa,Microsoft Print to PDF,A4,1:2.64706,
